# JRE version: OpenJDK Runtime Environment Temurin-17.0.11+9 (17.0.11+9) (build 17.0.11+9)
# Java VM: OpenJDK 64-Bit Server VM Temurin-17.0.11+9 (17.0.11+9, mixed mode, tiered, compressed oops, compressed class ptrs, parallel gc, windows-amd64)
GC Precious Log:
 CPUs: 16 total, 16 available
 Memory: 64661M
 Large Page Support: Disabled
 NUMA Support: Disabled
 Compressed Oops: Enabled (32-bit)
 Alignments: Space 512K, Generation 512K, Heap 2M
 Heap Min Capacity: 100M
 Heap Initial Capacity: 100M
 Heap Max Capacity: 1G
 Pre-touch: Disabled
 Parallel Workers: 13
Heap:
 PSYoungGen      total 22016K, used 13199K [0x00000000eab00000, 0x00000000ec800000, 0x0000000100000000)
  eden space 20480K, 59% used [0x00000000eab00000,0x00000000eb6dbda0,0x00000000ebf00000)
  from space 1536K, 68% used [0x00000000ec680000,0x00000000ec788000,0x00000000ec800000)
  to   space 3584K, 0% used [0x00000000ec100000,0x00000000ec100000,0x00000000ec480000)
 ParOldGen       total 68608K, used 30966K [0x00000000c0000000, 0x00000000c4300000, 0x00000000eab00000)
  object space 68608K, 45% used [0x00000000c0000000,0x00000000c1e3db50,0x00000000c4300000)
 Metaspace       used 57310K, committed 58304K, reserved 1114112K
  class space    used 6219K, committed 6656K, reserved 1048576K
GC Heap History (20 events):
Event: 5.659 GC heap before
{Heap before GC invocations=17 (full 2):
 PSYoungGen      total 23040K, used 23008K [0x00000000eab00000, 0x00000000ec600000, 0x0000000100000000)
  eden space 22016K, 100% used [0x00000000eab00000,0x00000000ec080000,0x00000000ec080000)
  from space 1024K, 96% used [0x00000000ec500000,0x00000000ec5f8000,0x00000000ec600000)
  to   space 1024K, 0% used [0x00000000ec400000,0x00000000ec400000,0x00000000ec500000)
 ParOldGen       total 68608K, used 16042K [0x00000000c0000000, 0x00000000c4300000, 0x00000000eab00000)
  object space 68608K, 23% used [0x00000000c0000000,0x00000000c0faaae8,0x00000000c4300000)
 Metaspace       used 42820K, committed 43648K, reserved 1114112K
  class space    used 4414K, committed 4800K, reserved 1048576K
}
Event: 5.661 GC heap after
{Heap after GC invocations=17 (full 2):
 PSYoungGen      total 23040K, used 704K [0x00000000eab00000, 0x00000000ec580000, 0x0000000100000000)
  eden space 22016K, 0% used [0x00000000eab00000,0x00000000eab00000,0x00000000ec080000)
  from space 1024K, 68% used [0x00000000ec400000,0x00000000ec4b0000,0x00000000ec500000)
  to   space 512K, 0% used [0x00000000ec500000,0x00000000ec500000,0x00000000ec580000)
 ParOldGen       total 68608K, used 16886K [0x00000000c0000000, 0x00000000c4300000, 0x00000000eab00000)
  object space 68608K, 24% used [0x00000000c0000000,0x00000000c107d9e8,0x00000000c4300000)
 Metaspace       used 42820K, committed 43648K, reserved 1114112K
  class space    used 4414K, committed 4800K, reserved 1048576K
}
Event: 5.854 GC heap before
{Heap before GC invocations=18 (full 2):
 PSYoungGen      total 23040K, used 22720K [0x00000000eab00000, 0x00000000ec580000, 0x0000000100000000)
  eden space 22016K, 100% used [0x00000000eab00000,0x00000000ec080000,0x00000000ec080000)
  from space 1024K, 68% used [0x00000000ec400000,0x00000000ec4b0000,0x00000000ec500000)
  to   space 512K, 0% used [0x00000000ec500000,0x00000000ec500000,0x00000000ec580000)
 ParOldGen       total 68608K, used 16886K [0x00000000c0000000, 0x00000000c4300000, 0x00000000eab00000)
  object space 68608K, 24% used [0x00000000c0000000,0x00000000c107d9e8,0x00000000c4300000)
 Metaspace       used 44897K, committed 45696K, reserved 1114112K
  class space    used 4693K, committed 5056K, reserved 1048576K
}
Event: 5.855 GC heap after
{Heap after GC invocations=18 (full 2):
 PSYoungGen      total 22528K, used 500K [0x00000000eab00000, 0x00000000ec580000, 0x0000000100000000)
  eden space 22016K, 0% used [0x00000000eab00000,0x00000000eab00000,0x00000000ec080000)
  from space 512K, 97% used [0x00000000ec500000,0x00000000ec57d310,0x00000000ec580000)
  to   space 1536K, 0% used [0x00000000ec280000,0x00000000ec280000,0x00000000ec400000)
 ParOldGen       total 68608K, used 17526K [0x00000000c0000000, 0x00000000c4300000, 0x00000000eab00000)
  object space 68608K, 25% used [0x00000000c0000000,0x00000000c111d9f8,0x00000000c4300000)
 Metaspace       used 44897K, committed 45696K, reserved 1114112K
  class space    used 4693K, committed 5056K, reserved 1048576K
}
Event: 6.041 GC heap before
{Heap before GC invocations=19 (full 2):
 PSYoungGen      total 22528K, used 22516K [0x00000000eab00000, 0x00000000ec580000, 0x0000000100000000)
  eden space 22016K, 100% used [0x00000000eab00000,0x00000000ec080000,0x00000000ec080000)
  from space 512K, 97% used [0x00000000ec500000,0x00000000ec57d310,0x00000000ec580000)
  to   space 1536K, 0% used [0x00000000ec280000,0x00000000ec280000,0x00000000ec400000)
 ParOldGen       total 68608K, used 17526K [0x00000000c0000000, 0x00000000c4300000, 0x00000000eab00000)
  object space 68608K, 25% used [0x00000000c0000000,0x00000000c111d9f8,0x00000000c4300000)
 Metaspace       used 47507K, committed 48320K, reserved 1114112K
  class space    used 5024K, committed 5376K, reserved 1048576K
}
Event: 6.041 GC heap after
{Heap after GC invocations=19 (full 2):
 PSYoungGen      total 23552K, used 1344K [0x00000000eab00000, 0x00000000ec580000, 0x0000000100000000)
  eden space 22016K, 0% used [0x00000000eab00000,0x00000000eab00000,0x00000000ec080000)
  from space 1536K, 87% used [0x00000000ec280000,0x00000000ec3d0000,0x00000000ec400000)
  to   space 1536K, 0% used [0x00000000ec400000,0x00000000ec400000,0x00000000ec580000)
 ParOldGen       total 68608K, used 18006K [0x00000000c0000000, 0x00000000c4300000, 0x00000000eab00000)
  object space 68608K, 26% used [0x00000000c0000000,0x00000000c11959f8,0x00000000c4300000)
 Metaspace       used 47507K, committed 48320K, reserved 1114112K
  class space    used 5024K, committed 5376K, reserved 1048576K
}
Event: 6.218 GC heap before
{Heap before GC invocations=20 (full 2):
 PSYoungGen      total 23552K, used 23342K [0x00000000eab00000, 0x00000000ec580000, 0x0000000100000000)
  eden space 22016K, 99% used [0x00000000eab00000,0x00000000ec07b810,0x00000000ec080000)
  from space 1536K, 87% used [0x00000000ec280000,0x00000000ec3d0000,0x00000000ec400000)
  to   space 1536K, 0% used [0x00000000ec400000,0x00000000ec400000,0x00000000ec580000)
 ParOldGen       total 68608K, used 18006K [0x00000000c0000000, 0x00000000c4300000, 0x00000000eab00000)
  object space 68608K, 26% used [0x00000000c0000000,0x00000000c11959f8,0x00000000c4300000)
 Metaspace       used 50163K, committed 51072K, reserved 1114112K
  class space    used 5371K, committed 5760K, reserved 1048576K
}
Event: 6.219 GC heap after
{Heap after GC invocations=20 (full 2):
 PSYoungGen      total 23552K, used 1523K [0x00000000eab00000, 0x00000000ec680000, 0x0000000100000000)
  eden space 22016K, 0% used [0x00000000eab00000,0x00000000eab00000,0x00000000ec080000)
  from space 1536K, 99% used [0x00000000ec400000,0x00000000ec57cdb0,0x00000000ec580000)
  to   space 3072K, 0% used [0x00000000ec080000,0x00000000ec080000,0x00000000ec380000)
 ParOldGen       total 68608K, used 19286K [0x00000000c0000000, 0x00000000c4300000, 0x00000000eab00000)
  object space 68608K, 28% used [0x00000000c0000000,0x00000000c12d5a18,0x00000000c4300000)
 Metaspace       used 50163K, committed 51072K, reserved 1114112K
  class space    used 5371K, committed 5760K, reserved 1048576K
}
Event: 6.423 GC heap before
{Heap before GC invocations=21 (full 2):
 PSYoungGen      total 23552K, used 23539K [0x00000000eab00000, 0x00000000ec680000, 0x0000000100000000)
  eden space 22016K, 100% used [0x00000000eab00000,0x00000000ec080000,0x00000000ec080000)
  from space 1536K, 99% used [0x00000000ec400000,0x00000000ec57cdb0,0x00000000ec580000)
  to   space 3072K, 0% used [0x00000000ec080000,0x00000000ec080000,0x00000000ec380000)
 ParOldGen       total 68608K, used 19286K [0x00000000c0000000, 0x00000000c4300000, 0x00000000eab00000)
  object space 68608K, 28% used [0x00000000c0000000,0x00000000c12d5a18,0x00000000c4300000)
 Metaspace       used 53270K, committed 54208K, reserved 1114112K
  class space    used 5751K, committed 6208K, reserved 1048576K
}
Event: 6.424 GC heap after
{Heap after GC invocations=21 (full 2):
 PSYoungGen      total 24576K, used 2053K [0x00000000eab00000, 0x00000000ec580000, 0x0000000100000000)
  eden space 22016K, 0% used [0x00000000eab00000,0x00000000eab00000,0x00000000ec080000)
  from space 2560K, 80% used [0x00000000ec080000,0x00000000ec281678,0x00000000ec300000)
  to   space 2560K, 0% used [0x00000000ec300000,0x00000000ec300000,0x00000000ec580000)
 ParOldGen       total 68608K, used 20765K [0x00000000c0000000, 0x00000000c4300000, 0x00000000eab00000)
  object space 68608K, 30% used [0x00000000c0000000,0x00000000c1447430,0x00000000c4300000)
 Metaspace       used 53270K, committed 54208K, reserved 1114112K
  class space    used 5751K, committed 6208K, reserved 1048576K
}
Event: 7.137 GC heap before
{Heap before GC invocations=22 (full 2):
 PSYoungGen      total 24576K, used 24062K [0x00000000eab00000, 0x00000000ec580000, 0x0000000100000000)
  eden space 22016K, 99% used [0x00000000eab00000,0x00000000ec07e198,0x00000000ec080000)
  from space 2560K, 80% used [0x00000000ec080000,0x00000000ec281678,0x00000000ec300000)
  to   space 2560K, 0% used [0x00000000ec300000,0x00000000ec300000,0x00000000ec580000)
 ParOldGen       total 68608K, used 20765K [0x00000000c0000000, 0x00000000c4300000, 0x00000000eab00000)
  object space 68608K, 30% used [0x00000000c0000000,0x00000000c1447430,0x00000000c4300000)
 Metaspace       used 55433K, committed 56448K, reserved 1114112K
  class space    used 6031K, committed 6464K, reserved 1048576K
}
Event: 7.138 GC heap after
{Heap after GC invocations=22 (full 2):
 PSYoungGen      total 24576K, used 2098K [0x00000000eab00000, 0x00000000ec580000, 0x0000000100000000)
  eden space 22016K, 0% used [0x00000000eab00000,0x00000000eab00000,0x00000000ec080000)
  from space 2560K, 81% used [0x00000000ec300000,0x00000000ec50c938,0x00000000ec580000)
  to   space 2560K, 0% used [0x00000000ec080000,0x00000000ec080000,0x00000000ec300000)
 ParOldGen       total 68608K, used 22602K [0x00000000c0000000, 0x00000000c4300000, 0x00000000eab00000)
  object space 68608K, 32% used [0x00000000c0000000,0x00000000c1612878,0x00000000c4300000)
 Metaspace       used 55433K, committed 56448K, reserved 1114112K
  class space    used 6031K, committed 6464K, reserved 1048576K
}
Event: 7.434 GC heap before
{Heap before GC invocations=23 (full 2):
 PSYoungGen      total 24576K, used 24114K [0x00000000eab00000, 0x00000000ec580000, 0x0000000100000000)
  eden space 22016K, 100% used [0x00000000eab00000,0x00000000ec080000,0x00000000ec080000)
  from space 2560K, 81% used [0x00000000ec300000,0x00000000ec50c938,0x00000000ec580000)
  to   space 2560K, 0% used [0x00000000ec080000,0x00000000ec080000,0x00000000ec300000)
 ParOldGen       total 68608K, used 22602K [0x00000000c0000000, 0x00000000c4300000, 0x00000000eab00000)
  object space 68608K, 32% used [0x00000000c0000000,0x00000000c1612878,0x00000000c4300000)
 Metaspace       used 55574K, committed 56576K, reserved 1114112K
  class space    used 6036K, committed 6464K, reserved 1048576K
}
Event: 7.435 GC heap after
{Heap after GC invocations=23 (full 2):
 PSYoungGen      total 23552K, used 1088K [0x00000000eab00000, 0x00000000ec380000, 0x0000000100000000)
  eden space 22016K, 0% used [0x00000000eab00000,0x00000000eab00000,0x00000000ec080000)
  from space 1536K, 70% used [0x00000000ec080000,0x00000000ec190000,0x00000000ec200000)
  to   space 1536K, 0% used [0x00000000ec200000,0x00000000ec200000,0x00000000ec380000)
 ParOldGen       total 68608K, used 24481K [0x00000000c0000000, 0x00000000c4300000, 0x00000000eab00000)
  object space 68608K, 35% used [0x00000000c0000000,0x00000000c17e85d8,0x00000000c4300000)
 Metaspace       used 55574K, committed 56576K, reserved 1114112K
  class space    used 6036K, committed 6464K, reserved 1048576K
}
Event: 7.466 GC heap before
{Heap before GC invocations=24 (full 2):
 PSYoungGen      total 23552K, used 23104K [0x00000000eab00000, 0x00000000ec380000, 0x0000000100000000)
  eden space 22016K, 100% used [0x00000000eab00000,0x00000000ec080000,0x00000000ec080000)
  from space 1536K, 70% used [0x00000000ec080000,0x00000000ec190000,0x00000000ec200000)
  to   space 1536K, 0% used [0x00000000ec200000,0x00000000ec200000,0x00000000ec380000)
 ParOldGen       total 68608K, used 24481K [0x00000000c0000000, 0x00000000c4300000, 0x00000000eab00000)
  object space 68608K, 35% used [0x00000000c0000000,0x00000000c17e85d8,0x00000000c4300000)
 Metaspace       used 55630K, committed 56576K, reserved 1114112K
  class space    used 6043K, committed 6464K, reserved 1048576K
}
Event: 7.466 GC heap after
{Heap after GC invocations=24 (full 2):
 PSYoungGen      total 22016K, used 1520K [0x00000000eab00000, 0x00000000ec680000, 0x0000000100000000)
  eden space 20480K, 0% used [0x00000000eab00000,0x00000000eab00000,0x00000000ebf00000)
  from space 1536K, 98% used [0x00000000ec200000,0x00000000ec37c010,0x00000000ec380000)
  to   space 3072K, 0% used [0x00000000ebf00000,0x00000000ebf00000,0x00000000ec200000)
 ParOldGen       total 68608K, used 25426K [0x00000000c0000000, 0x00000000c4300000, 0x00000000eab00000)
  object space 68608K, 37% used [0x00000000c0000000,0x00000000c18d4aa8,0x00000000c4300000)
 Metaspace       used 55630K, committed 56576K, reserved 1114112K
  class space    used 6043K, committed 6464K, reserved 1048576K
}
Event: 7.478 GC heap before
{Heap before GC invocations=25 (full 2):
 PSYoungGen      total 22016K, used 22000K [0x00000000eab00000, 0x00000000ec680000, 0x0000000100000000)
  eden space 20480K, 99% used [0x00000000eab00000,0x00000000ebeffff0,0x00000000ebf00000)
  from space 1536K, 98% used [0x00000000ec200000,0x00000000ec37c010,0x00000000ec380000)
  to   space 3072K, 0% used [0x00000000ebf00000,0x00000000ebf00000,0x00000000ec200000)
 ParOldGen       total 68608K, used 25426K [0x00000000c0000000, 0x00000000c4300000, 0x00000000eab00000)
  object space 68608K, 37% used [0x00000000c0000000,0x00000000c18d4aa8,0x00000000c4300000)
 Metaspace       used 55634K, committed 56576K, reserved 1114112K
  class space    used 6043K, committed 6464K, reserved 1048576K
}
Event: 7.480 GC heap after
{Heap after GC invocations=25 (full 2):
 PSYoungGen      total 23552K, used 3056K [0x00000000eab00000, 0x00000000ece00000, 0x0000000100000000)
  eden space 20480K, 0% used [0x00000000eab00000,0x00000000eab00000,0x00000000ebf00000)
  from space 3072K, 99% used [0x00000000ebf00000,0x00000000ec1fc018,0x00000000ec200000)
  to   space 7680K, 0% used [0x00000000ec680000,0x00000000ec680000,0x00000000ece00000)
 ParOldGen       total 68608K, used 29214K [0x00000000c0000000, 0x00000000c4300000, 0x00000000eab00000)
  object space 68608K, 42% used [0x00000000c0000000,0x00000000c1c87898,0x00000000c4300000)
 Metaspace       used 55634K, committed 56576K, reserved 1114112K
  class space    used 6043K, committed 6464K, reserved 1048576K
}
Event: 7.758 GC heap before
{Heap before GC invocations=26 (full 2):
 PSYoungGen      total 23552K, used 23536K [0x00000000eab00000, 0x00000000ece00000, 0x0000000100000000)
  eden space 20480K, 100% used [0x00000000eab00000,0x00000000ebf00000,0x00000000ebf00000)
  from space 3072K, 99% used [0x00000000ebf00000,0x00000000ec1fc018,0x00000000ec200000)
  to   space 7680K, 0% used [0x00000000ec680000,0x00000000ec680000,0x00000000ece00000)
 ParOldGen       total 68608K, used 29214K [0x00000000c0000000, 0x00000000c4300000, 0x00000000eab00000)
  object space 68608K, 42% used [0x00000000c0000000,0x00000000c1c87898,0x00000000c4300000)
 Metaspace       used 56408K, committed 57344K, reserved 1114112K
  class space    used 6127K, committed 6528K, reserved 1048576K
}
Event: 7.759 GC heap after
{Heap after GC invocations=26 (full 2):
 PSYoungGen      total 22016K, used 1056K [0x00000000eab00000, 0x00000000ec800000, 0x0000000100000000)
  eden space 20480K, 0% used [0x00000000eab00000,0x00000000eab00000,0x00000000ebf00000)
  from space 1536K, 68% used [0x00000000ec680000,0x00000000ec788000,0x00000000ec800000)
  to   space 3584K, 0% used [0x00000000ec100000,0x00000000ec100000,0x00000000ec480000)
 ParOldGen       total 68608K, used 30966K [0x00000000c0000000, 0x00000000c4300000, 0x00000000eab00000)
  object space 68608K, 45% used [0x00000000c0000000,0x00000000c1e3db50,0x00000000c4300000)
 Metaspace       used 56408K, committed 57344K, reserved 1114112K
  class space    used 6127K, committed 6528K, reserved 1048576K
}

